[0.173s] DEBUG:colcon:Command line arguments: ['/usr/bin/colcon', 'build']
[0.173s] DEBUG:colcon:Parsed command line arguments: Namespace(log_base=None, log_level=None, verb_name='build', build_base='build', install_base='install', merge_install=False, symlink_install=False, test_result_base=None, continue_on_error=False, executor='parallel', parallel_workers=4, event_handlers=None, ignore_user_meta=False, metas=['./colcon.meta'], base_paths=['.'], packages_ignore=None, packages_ignore_regex=None, paths=None, packages_up_to=None, packages_up_to_regex=None, packages_above=None, packages_above_and_dependencies=None, packages_above_depth=None, packages_select_by_dep=None, packages_skip_by_dep=None, packages_skip_up_to=None, packages_select_build_failed=False, packages_skip_build_finished=False, packages_select_test_failures=False, packages_skip_test_passed=False, packages_select=None, packages_skip=None, packages_select_regex=None, packages_skip_regex=None, packages_start=None, packages_end=None, allow_overriding=[], cmake_args=None, cmake_target=None, cmake_target_skip_unavailable=False, cmake_clean_cache=False, cmake_clean_first=False, cmake_force_configure=False, ament_cmake_args=None, catkin_cmake_args=None, catkin_skip_building_tests=False, verb_parser=<colcon_defaults.argument_parser.defaults.DefaultArgumentsDecorator object at 0xffff8556cd90>, verb_extension=<colcon_core.verb.build.BuildVerb object at 0xffff860364a0>, main=<bound method BuildVerb.main of <colcon_core.verb.build.BuildVerb object at 0xffff860364a0>>)
[0.186s] Level 1:colcon.colcon_core.package_discovery:discover_packages(colcon_meta) check parameters
[0.187s] Level 1:colcon.colcon_core.package_discovery:discover_packages(recursive) check parameters
[0.187s] Level 1:colcon.colcon_core.package_discovery:discover_packages(ignore) check parameters
[0.187s] Level 1:colcon.colcon_core.package_discovery:discover_packages(path) check parameters
[0.187s] Level 1:colcon.colcon_core.package_discovery:discover_packages(colcon_meta) discover
[0.187s] Level 1:colcon.colcon_core.package_discovery:discover_packages(recursive) discover
[0.187s] INFO:colcon.colcon_core.package_discovery:Crawling recursively for packages in '/home/parallels/ros2_ws/src/segway_ros2'
[0.187s] Level 1:colcon.colcon_core.package_identification:_identify(.) by extensions ['ignore', 'ignore_ament_install']
[0.187s] Level 1:colcon.colcon_core.package_identification:_identify(.) by extension 'ignore'
[0.187s] Level 1:colcon.colcon_core.package_identification:_identify(.) by extension 'ignore_ament_install'
[0.187s] Level 1:colcon.colcon_core.package_identification:_identify(.) by extensions ['colcon_pkg']
[0.187s] Level 1:colcon.colcon_core.package_identification:_identify(.) by extension 'colcon_pkg'
[0.187s] Level 1:colcon.colcon_core.package_identification:_identify(.) by extensions ['colcon_meta']
[0.187s] Level 1:colcon.colcon_core.package_identification:_identify(.) by extension 'colcon_meta'
[0.187s] Level 1:colcon.colcon_core.package_identification:_identify(.) by extensions ['ros']
[0.187s] Level 1:colcon.colcon_core.package_identification:_identify(.) by extension 'ros'
[0.195s] Level 1:colcon.colcon_core.package_identification:_identify(.) by extensions ['cmake', 'python']
[0.195s] Level 1:colcon.colcon_core.package_identification:_identify(.) by extension 'cmake'
[0.195s] Level 1:colcon.colcon_core.package_identification:_identify(.) by extension 'python'
[0.195s] Level 1:colcon.colcon_core.package_identification:_identify(.) by extensions ['python_setup_py']
[0.195s] Level 1:colcon.colcon_core.package_identification:_identify(.) by extension 'python_setup_py'
[0.196s] Level 1:colcon.colcon_core.package_identification:_identify(build) by extensions ['ignore', 'ignore_ament_install']
[0.196s] Level 1:colcon.colcon_core.package_identification:_identify(build) by extension 'ignore'
[0.196s] Level 1:colcon.colcon_core.package_identification:_identify(build) ignored
[0.196s] Level 1:colcon.colcon_core.package_identification:_identify(install) by extensions ['ignore', 'ignore_ament_install']
[0.196s] Level 1:colcon.colcon_core.package_identification:_identify(install) by extension 'ignore'
[0.196s] Level 1:colcon.colcon_core.package_identification:_identify(install) ignored
[0.196s] Level 1:colcon.colcon_core.package_identification:_identify(log) by extensions ['ignore', 'ignore_ament_install']
[0.196s] Level 1:colcon.colcon_core.package_identification:_identify(log) by extension 'ignore'
[0.196s] Level 1:colcon.colcon_core.package_identification:_identify(log) ignored
[0.196s] Level 1:colcon.colcon_core.package_identification:_identify(segway_msgs) by extensions ['ignore', 'ignore_ament_install']
[0.196s] Level 1:colcon.colcon_core.package_identification:_identify(segway_msgs) by extension 'ignore'
[0.196s] Level 1:colcon.colcon_core.package_identification:_identify(segway_msgs) by extension 'ignore_ament_install'
[0.196s] Level 1:colcon.colcon_core.package_identification:_identify(segway_msgs) by extensions ['colcon_pkg']
[0.196s] Level 1:colcon.colcon_core.package_identification:_identify(segway_msgs) by extension 'colcon_pkg'
[0.196s] Level 1:colcon.colcon_core.package_identification:_identify(segway_msgs) by extensions ['colcon_meta']
[0.196s] Level 1:colcon.colcon_core.package_identification:_identify(segway_msgs) by extension 'colcon_meta'
[0.196s] Level 1:colcon.colcon_core.package_identification:_identify(segway_msgs) by extensions ['ros']
[0.196s] Level 1:colcon.colcon_core.package_identification:_identify(segway_msgs) by extension 'ros'
[0.198s] DEBUG:colcon.colcon_core.package_identification:Package 'segway_msgs' with type 'ros.ament_cmake' and name 'segway_msgs'
[0.198s] Level 1:colcon.colcon_core.package_identification:_identify(segwayrmp) by extensions ['ignore', 'ignore_ament_install']
[0.198s] Level 1:colcon.colcon_core.package_identification:_identify(segwayrmp) by extension 'ignore'
[0.198s] Level 1:colcon.colcon_core.package_identification:_identify(segwayrmp) by extension 'ignore_ament_install'
[0.198s] Level 1:colcon.colcon_core.package_identification:_identify(segwayrmp) by extensions ['colcon_pkg']
[0.198s] Level 1:colcon.colcon_core.package_identification:_identify(segwayrmp) by extension 'colcon_pkg'
[0.198s] Level 1:colcon.colcon_core.package_identification:_identify(segwayrmp) by extensions ['colcon_meta']
[0.198s] Level 1:colcon.colcon_core.package_identification:_identify(segwayrmp) by extension 'colcon_meta'
[0.198s] Level 1:colcon.colcon_core.package_identification:_identify(segwayrmp) by extensions ['ros']
[0.198s] Level 1:colcon.colcon_core.package_identification:_identify(segwayrmp) by extension 'ros'
[0.199s] DEBUG:colcon.colcon_core.package_identification:Package 'segwayrmp' with type 'ros.catkin' and name 'segwayrmp'
[0.199s] Level 1:colcon.colcon_core.package_discovery:discover_packages(recursive) using defaults
[0.199s] Level 1:colcon.colcon_core.package_discovery:discover_packages(ignore) discover
[0.199s] Level 1:colcon.colcon_core.package_discovery:discover_packages(ignore) using defaults
[0.199s] Level 1:colcon.colcon_core.package_discovery:discover_packages(path) discover
[0.199s] Level 1:colcon.colcon_core.package_discovery:discover_packages(path) using defaults
[0.212s] Level 1:colcon.colcon_core.package_discovery:discover_packages(prefix_path) check parameters
[0.213s] Level 1:colcon.colcon_core.package_discovery:discover_packages(prefix_path) discover
[0.214s] DEBUG:colcon.colcon_installed_package_information.package_discovery:Found 272 installed packages in /opt/ros/humble
[0.215s] Level 1:colcon.colcon_core.package_discovery:discover_packages(prefix_path) using defaults
[0.247s] Level 5:colcon.colcon_core.verb:set package 'segway_msgs' build argument 'cmake_args' from command line to 'None'
[0.247s] Level 5:colcon.colcon_core.verb:set package 'segway_msgs' build argument 'cmake_target' from command line to 'None'
[0.247s] Level 5:colcon.colcon_core.verb:set package 'segway_msgs' build argument 'cmake_target_skip_unavailable' from command line to 'False'
[0.247s] Level 5:colcon.colcon_core.verb:set package 'segway_msgs' build argument 'cmake_clean_cache' from command line to 'False'
[0.247s] Level 5:colcon.colcon_core.verb:set package 'segway_msgs' build argument 'cmake_clean_first' from command line to 'False'
[0.247s] Level 5:colcon.colcon_core.verb:set package 'segway_msgs' build argument 'cmake_force_configure' from command line to 'False'
[0.247s] Level 5:colcon.colcon_core.verb:set package 'segway_msgs' build argument 'ament_cmake_args' from command line to 'None'
[0.247s] Level 5:colcon.colcon_core.verb:set package 'segway_msgs' build argument 'catkin_cmake_args' from command line to 'None'
[0.247s] Level 5:colcon.colcon_core.verb:set package 'segway_msgs' build argument 'catkin_skip_building_tests' from command line to 'False'
[0.247s] DEBUG:colcon.colcon_core.verb:Building package 'segway_msgs' with the following arguments: {'ament_cmake_args': None, 'build_base': '/home/parallels/ros2_ws/src/segway_ros2/build/segway_msgs', 'catkin_cmake_args': None, 'catkin_skip_building_tests': False, 'cmake_args': None, 'cmake_clean_cache': False, 'cmake_clean_first': False, 'cmake_force_configure': False, 'cmake_target': None, 'cmake_target_skip_unavailable': False, 'install_base': '/home/parallels/ros2_ws/src/segway_ros2/install/segway_msgs', 'merge_install': False, 'path': '/home/parallels/ros2_ws/src/segway_ros2/segway_msgs', 'symlink_install': False, 'test_result_base': None}
[0.248s] Level 5:colcon.colcon_core.verb:set package 'segwayrmp' build argument 'cmake_args' from command line to 'None'
[0.248s] Level 5:colcon.colcon_core.verb:set package 'segwayrmp' build argument 'cmake_target' from command line to 'None'
[0.248s] Level 5:colcon.colcon_core.verb:set package 'segwayrmp' build argument 'cmake_target_skip_unavailable' from command line to 'False'
[0.248s] Level 5:colcon.colcon_core.verb:set package 'segwayrmp' build argument 'cmake_clean_cache' from command line to 'False'
[0.248s] Level 5:colcon.colcon_core.verb:set package 'segwayrmp' build argument 'cmake_clean_first' from command line to 'False'
[0.248s] Level 5:colcon.colcon_core.verb:set package 'segwayrmp' build argument 'cmake_force_configure' from command line to 'False'
[0.248s] Level 5:colcon.colcon_core.verb:set package 'segwayrmp' build argument 'ament_cmake_args' from command line to 'None'
[0.248s] Level 5:colcon.colcon_core.verb:set package 'segwayrmp' build argument 'catkin_cmake_args' from command line to 'None'
[0.248s] Level 5:colcon.colcon_core.verb:set package 'segwayrmp' build argument 'catkin_skip_building_tests' from command line to 'False'
[0.248s] DEBUG:colcon.colcon_core.verb:Building package 'segwayrmp' with the following arguments: {'ament_cmake_args': None, 'build_base': '/home/parallels/ros2_ws/src/segway_ros2/build/segwayrmp', 'catkin_cmake_args': None, 'catkin_skip_building_tests': False, 'cmake_args': None, 'cmake_clean_cache': False, 'cmake_clean_first': False, 'cmake_force_configure': False, 'cmake_target': None, 'cmake_target_skip_unavailable': False, 'install_base': '/home/parallels/ros2_ws/src/segway_ros2/install/segwayrmp', 'merge_install': False, 'path': '/home/parallels/ros2_ws/src/segway_ros2/segwayrmp', 'symlink_install': False, 'test_result_base': None}
[0.248s] INFO:colcon.colcon_core.executor:Executing jobs using 'parallel' executor
[0.250s] DEBUG:colcon.colcon_parallel_executor.executor.parallel:run_until_complete
[0.250s] INFO:colcon.colcon_ros.task.ament_cmake.build:Building ROS package in '/home/parallels/ros2_ws/src/segway_ros2/segway_msgs' with build type 'ament_cmake'
[0.250s] INFO:colcon.colcon_cmake.task.cmake.build:Building CMake package in '/home/parallels/ros2_ws/src/segway_ros2/segway_msgs'
[0.252s] INFO:colcon.colcon_core.plugin_system:Skipping extension 'colcon_core.shell.bat': Not used on non-Windows systems
[0.252s] INFO:colcon.colcon_core.shell:Skip shell extension 'powershell' for command environment: Not usable outside of PowerShell
[0.252s] DEBUG:colcon.colcon_core.shell:Skip shell extension 'dsv' for command environment
[0.258s] DEBUG:colcon.colcon_core.event_handler.log_command:Invoking command in '/home/parallels/ros2_ws/src/segway_ros2/build/segway_msgs': CMAKE_PREFIX_PATH=/opt/ros/humble /usr/bin/cmake --build /home/parallels/ros2_ws/src/segway_ros2/build/segway_msgs -- -j4 -l4
[0.518s] DEBUG:colcon.colcon_core.event_handler.log_command:Invoked command in '/home/parallels/ros2_ws/src/segway_ros2/build/segway_msgs' returned '0': CMAKE_PREFIX_PATH=/opt/ros/humble /usr/bin/cmake --build /home/parallels/ros2_ws/src/segway_ros2/build/segway_msgs -- -j4 -l4
[0.959s] DEBUG:colcon.colcon_core.event_handler.log_command:Invoking command in '/home/parallels/ros2_ws/src/segway_ros2/build/segway_msgs': CMAKE_PREFIX_PATH=/opt/ros/humble /usr/bin/cmake --install /home/parallels/ros2_ws/src/segway_ros2/build/segway_msgs
[1.006s] Level 1:colcon.colcon_core.environment:create_environment_scripts_only(segway_msgs)
[1.007s] DEBUG:colcon.colcon_core.event_handler.log_command:Invoked command in '/home/parallels/ros2_ws/src/segway_ros2/build/segway_msgs' returned '0': CMAKE_PREFIX_PATH=/opt/ros/humble /usr/bin/cmake --install /home/parallels/ros2_ws/src/segway_ros2/build/segway_msgs
[1.009s] Level 1:colcon.colcon_core.environment:checking '/home/parallels/ros2_ws/src/segway_ros2/install/segway_msgs' for CMake module files
[1.009s] Level 1:colcon.colcon_core.environment:checking '/home/parallels/ros2_ws/src/segway_ros2/install/segway_msgs' for CMake config files
[1.009s] Level 1:colcon.colcon_core.shell:create_environment_hook('segway_msgs', 'cmake_prefix_path')
[1.010s] INFO:colcon.colcon_core.shell:Creating environment hook '/home/parallels/ros2_ws/src/segway_ros2/install/segway_msgs/share/segway_msgs/hook/cmake_prefix_path.ps1'
[1.010s] INFO:colcon.colcon_core.shell:Creating environment descriptor '/home/parallels/ros2_ws/src/segway_ros2/install/segway_msgs/share/segway_msgs/hook/cmake_prefix_path.dsv'
[1.011s] INFO:colcon.colcon_core.shell:Creating environment hook '/home/parallels/ros2_ws/src/segway_ros2/install/segway_msgs/share/segway_msgs/hook/cmake_prefix_path.sh'
[1.011s] Level 1:colcon.colcon_core.environment:checking '/home/parallels/ros2_ws/src/segway_ros2/install/segway_msgs/lib'
[1.011s] Level 1:colcon.colcon_core.shell:create_environment_hook('segway_msgs', 'ld_library_path_lib')
[1.012s] INFO:colcon.colcon_core.shell:Creating environment hook '/home/parallels/ros2_ws/src/segway_ros2/install/segway_msgs/share/segway_msgs/hook/ld_library_path_lib.ps1'
[1.012s] INFO:colcon.colcon_core.shell:Creating environment descriptor '/home/parallels/ros2_ws/src/segway_ros2/install/segway_msgs/share/segway_msgs/hook/ld_library_path_lib.dsv'
[1.012s] INFO:colcon.colcon_core.shell:Creating environment hook '/home/parallels/ros2_ws/src/segway_ros2/install/segway_msgs/share/segway_msgs/hook/ld_library_path_lib.sh'
[1.012s] Level 1:colcon.colcon_core.environment:checking '/home/parallels/ros2_ws/src/segway_ros2/install/segway_msgs/bin'
[1.012s] Level 1:colcon.colcon_core.environment:checking '/home/parallels/ros2_ws/src/segway_ros2/install/segway_msgs/lib/pkgconfig/segway_msgs.pc'
[1.012s] Level 1:colcon.colcon_core.environment:checking '/home/parallels/ros2_ws/src/segway_ros2/install/segway_msgs/lib/python3.10/site-packages'
[1.012s] Level 1:colcon.colcon_core.environment:checking '/home/parallels/ros2_ws/src/segway_ros2/install/segway_msgs/bin'
[1.013s] INFO:colcon.colcon_core.shell:Creating package script '/home/parallels/ros2_ws/src/segway_ros2/install/segway_msgs/share/segway_msgs/package.ps1'
[1.013s] INFO:colcon.colcon_core.shell:Creating package descriptor '/home/parallels/ros2_ws/src/segway_ros2/install/segway_msgs/share/segway_msgs/package.dsv'
[1.014s] INFO:colcon.colcon_core.shell:Creating package script '/home/parallels/ros2_ws/src/segway_ros2/install/segway_msgs/share/segway_msgs/package.sh'
[1.014s] INFO:colcon.colcon_core.shell:Creating package script '/home/parallels/ros2_ws/src/segway_ros2/install/segway_msgs/share/segway_msgs/package.bash'
[1.014s] INFO:colcon.colcon_core.shell:Creating package script '/home/parallels/ros2_ws/src/segway_ros2/install/segway_msgs/share/segway_msgs/package.zsh'
[1.015s] Level 1:colcon.colcon_core.environment:create_file_with_runtime_dependencies(/home/parallels/ros2_ws/src/segway_ros2/install/segway_msgs/share/colcon-core/packages/segway_msgs)
[1.427s] Level 1:colcon.colcon_core.environment:create_environment_scripts_only(segway_msgs)
[1.428s] Level 1:colcon.colcon_core.environment:checking '/home/parallels/ros2_ws/src/segway_ros2/install/segway_msgs' for CMake module files
[1.428s] Level 1:colcon.colcon_core.environment:checking '/home/parallels/ros2_ws/src/segway_ros2/install/segway_msgs' for CMake config files
[1.429s] Level 1:colcon.colcon_core.shell:create_environment_hook('segway_msgs', 'cmake_prefix_path')
[1.429s] INFO:colcon.colcon_core.shell:Creating environment hook '/home/parallels/ros2_ws/src/segway_ros2/install/segway_msgs/share/segway_msgs/hook/cmake_prefix_path.ps1'
[1.429s] INFO:colcon.colcon_core.shell:Creating environment descriptor '/home/parallels/ros2_ws/src/segway_ros2/install/segway_msgs/share/segway_msgs/hook/cmake_prefix_path.dsv'
[1.430s] INFO:colcon.colcon_core.shell:Creating environment hook '/home/parallels/ros2_ws/src/segway_ros2/install/segway_msgs/share/segway_msgs/hook/cmake_prefix_path.sh'
[1.430s] Level 1:colcon.colcon_core.environment:checking '/home/parallels/ros2_ws/src/segway_ros2/install/segway_msgs/lib'
[1.430s] Level 1:colcon.colcon_core.shell:create_environment_hook('segway_msgs', 'ld_library_path_lib')
[1.430s] INFO:colcon.colcon_core.shell:Creating environment hook '/home/parallels/ros2_ws/src/segway_ros2/install/segway_msgs/share/segway_msgs/hook/ld_library_path_lib.ps1'
[1.431s] INFO:colcon.colcon_core.shell:Creating environment descriptor '/home/parallels/ros2_ws/src/segway_ros2/install/segway_msgs/share/segway_msgs/hook/ld_library_path_lib.dsv'
[1.431s] INFO:colcon.colcon_core.shell:Creating environment hook '/home/parallels/ros2_ws/src/segway_ros2/install/segway_msgs/share/segway_msgs/hook/ld_library_path_lib.sh'
[1.431s] Level 1:colcon.colcon_core.environment:checking '/home/parallels/ros2_ws/src/segway_ros2/install/segway_msgs/bin'
[1.431s] Level 1:colcon.colcon_core.environment:checking '/home/parallels/ros2_ws/src/segway_ros2/install/segway_msgs/lib/pkgconfig/segway_msgs.pc'
[1.431s] Level 1:colcon.colcon_core.environment:checking '/home/parallels/ros2_ws/src/segway_ros2/install/segway_msgs/lib/python3.10/site-packages'
[1.431s] Level 1:colcon.colcon_core.environment:checking '/home/parallels/ros2_ws/src/segway_ros2/install/segway_msgs/bin'
[1.432s] INFO:colcon.colcon_core.shell:Creating package script '/home/parallels/ros2_ws/src/segway_ros2/install/segway_msgs/share/segway_msgs/package.ps1'
[1.432s] INFO:colcon.colcon_core.shell:Creating package descriptor '/home/parallels/ros2_ws/src/segway_ros2/install/segway_msgs/share/segway_msgs/package.dsv'
[1.432s] INFO:colcon.colcon_core.shell:Creating package script '/home/parallels/ros2_ws/src/segway_ros2/install/segway_msgs/share/segway_msgs/package.sh'
[1.432s] INFO:colcon.colcon_core.shell:Creating package script '/home/parallels/ros2_ws/src/segway_ros2/install/segway_msgs/share/segway_msgs/package.bash'
[1.433s] INFO:colcon.colcon_core.shell:Creating package script '/home/parallels/ros2_ws/src/segway_ros2/install/segway_msgs/share/segway_msgs/package.zsh'
[1.433s] Level 1:colcon.colcon_core.environment:create_file_with_runtime_dependencies(/home/parallels/ros2_ws/src/segway_ros2/install/segway_msgs/share/colcon-core/packages/segway_msgs)
[1.433s] INFO:colcon.colcon_ros.task.catkin.build:Building ROS package in '/home/parallels/ros2_ws/src/segway_ros2/segwayrmp' with build type 'catkin'
[1.433s] INFO:colcon.colcon_cmake.task.cmake.build:Building CMake package in '/home/parallels/ros2_ws/src/segway_ros2/segwayrmp'
[1.434s] INFO:colcon.colcon_core.shell:Skip shell extension 'powershell' for command environment: Not usable outside of PowerShell
[1.434s] DEBUG:colcon.colcon_core.shell:Skip shell extension 'dsv' for command environment
[1.440s] DEBUG:colcon.colcon_core.event_handler.log_command:Invoking command in '/home/parallels/ros2_ws/src/segway_ros2/build/segwayrmp': AMENT_PREFIX_PATH=/home/parallels/ros2_ws/src/segway_ros2/install/segway_msgs:${AMENT_PREFIX_PATH} CMAKE_PREFIX_PATH=/home/parallels/ros2_ws/src/segway_ros2/install/segway_msgs LD_LIBRARY_PATH=/home/parallels/ros2_ws/src/segway_ros2/install/segway_msgs/lib:${LD_LIBRARY_PATH} PYTHONPATH=/home/parallels/ros2_ws/src/segway_ros2/install/segway_msgs/local/lib/python3.10/dist-packages:${PYTHONPATH} /usr/bin/cmake --build /home/parallels/ros2_ws/src/segway_ros2/build/segwayrmp -- -j4 -l4
[7.618s] DEBUG:colcon.colcon_core.event_handler.log_command:Invoked command in '/home/parallels/ros2_ws/src/segway_ros2/build/segwayrmp' returned '2': AMENT_PREFIX_PATH=/home/parallels/ros2_ws/src/segway_ros2/install/segway_msgs:${AMENT_PREFIX_PATH} CMAKE_PREFIX_PATH=/home/parallels/ros2_ws/src/segway_ros2/install/segway_msgs LD_LIBRARY_PATH=/home/parallels/ros2_ws/src/segway_ros2/install/segway_msgs/lib:${LD_LIBRARY_PATH} PYTHONPATH=/home/parallels/ros2_ws/src/segway_ros2/install/segway_msgs/local/lib/python3.10/dist-packages:${PYTHONPATH} /usr/bin/cmake --build /home/parallels/ros2_ws/src/segway_ros2/build/segwayrmp -- -j4 -l4
[7.642s] Level 1:colcon.colcon_core.shell:create_environment_hook('segwayrmp', 'ros_package_path')
[7.644s] INFO:colcon.colcon_core.shell:Creating environment hook '/home/parallels/ros2_ws/src/segway_ros2/install/segwayrmp/share/segwayrmp/hook/ros_package_path.ps1'
[7.644s] INFO:colcon.colcon_core.shell:Creating environment descriptor '/home/parallels/ros2_ws/src/segway_ros2/install/segwayrmp/share/segwayrmp/hook/ros_package_path.dsv'
[7.644s] INFO:colcon.colcon_core.shell:Creating environment hook '/home/parallels/ros2_ws/src/segway_ros2/install/segwayrmp/share/segwayrmp/hook/ros_package_path.sh'
[7.644s] Level 1:colcon.colcon_core.shell:create_environment_hook('segwayrmp', 'pkg_config_path')
[7.645s] INFO:colcon.colcon_core.shell:Creating environment hook '/home/parallels/ros2_ws/src/segway_ros2/install/segwayrmp/share/segwayrmp/hook/pkg_config_path.ps1'
[7.645s] INFO:colcon.colcon_core.shell:Creating environment descriptor '/home/parallels/ros2_ws/src/segway_ros2/install/segwayrmp/share/segwayrmp/hook/pkg_config_path.dsv'
[7.645s] INFO:colcon.colcon_core.shell:Creating environment hook '/home/parallels/ros2_ws/src/segway_ros2/install/segwayrmp/share/segwayrmp/hook/pkg_config_path.sh'
[7.647s] Level 1:colcon.colcon_core.shell:create_environment_hook('segwayrmp', 'pkg_config_path_multiarch')
[7.648s] INFO:colcon.colcon_core.shell:Creating environment hook '/home/parallels/ros2_ws/src/segway_ros2/install/segwayrmp/share/segwayrmp/hook/pkg_config_path_multiarch.ps1'
[7.648s] INFO:colcon.colcon_core.shell:Creating environment descriptor '/home/parallels/ros2_ws/src/segway_ros2/install/segwayrmp/share/segwayrmp/hook/pkg_config_path_multiarch.dsv'
[7.648s] INFO:colcon.colcon_core.shell:Creating environment hook '/home/parallels/ros2_ws/src/segway_ros2/install/segwayrmp/share/segwayrmp/hook/pkg_config_path_multiarch.sh'
[7.650s] Level 1:colcon.colcon_core.environment:create_environment_scripts_only(segwayrmp)
[7.651s] Level 1:colcon.colcon_core.environment:checking '/home/parallels/ros2_ws/src/segway_ros2/install/segwayrmp' for CMake module files
[7.651s] Level 1:colcon.colcon_core.environment:checking '/home/parallels/ros2_ws/src/segway_ros2/install/segwayrmp' for CMake config files
[7.651s] Level 1:colcon.colcon_core.environment:checking '/home/parallels/ros2_ws/src/segway_ros2/install/segwayrmp/bin'
[7.651s] Level 1:colcon.colcon_core.environment:checking '/home/parallels/ros2_ws/src/segway_ros2/install/segwayrmp/lib/pkgconfig/segwayrmp.pc'
[7.651s] Level 1:colcon.colcon_core.environment:checking '/home/parallels/ros2_ws/src/segway_ros2/install/segwayrmp/lib/python3.10/site-packages'
[7.652s] Level 1:colcon.colcon_core.environment:checking '/home/parallels/ros2_ws/src/segway_ros2/install/segwayrmp/bin'
[7.652s] INFO:colcon.colcon_core.shell:Creating package script '/home/parallels/ros2_ws/src/segway_ros2/install/segwayrmp/share/segwayrmp/package.ps1'
[7.652s] INFO:colcon.colcon_core.shell:Creating package descriptor '/home/parallels/ros2_ws/src/segway_ros2/install/segwayrmp/share/segwayrmp/package.dsv'
[7.653s] INFO:colcon.colcon_core.shell:Creating package script '/home/parallels/ros2_ws/src/segway_ros2/install/segwayrmp/share/segwayrmp/package.sh'
[7.653s] INFO:colcon.colcon_core.shell:Creating package script '/home/parallels/ros2_ws/src/segway_ros2/install/segwayrmp/share/segwayrmp/package.bash'
[7.653s] INFO:colcon.colcon_core.shell:Creating package script '/home/parallels/ros2_ws/src/segway_ros2/install/segwayrmp/share/segwayrmp/package.zsh'
[7.653s] Level 1:colcon.colcon_core.environment:create_file_with_runtime_dependencies(/home/parallels/ros2_ws/src/segway_ros2/install/segwayrmp/share/colcon-core/packages/segwayrmp)
[7.664s] DEBUG:colcon.colcon_parallel_executor.executor.parallel:closing loop
[7.664s] DEBUG:colcon.colcon_parallel_executor.executor.parallel:loop closed
[7.664s] DEBUG:colcon.colcon_parallel_executor.executor.parallel:run_until_complete finished with '2'
[7.664s] DEBUG:colcon.colcon_core.event_reactor:joining thread
[7.668s] INFO:colcon.colcon_core.plugin_system:Skipping extension 'colcon_notification.desktop_notification.terminal_notifier': Not used on non-Darwin systems
[7.668s] INFO:colcon.colcon_core.plugin_system:Skipping extension 'colcon_notification.desktop_notification.win32': Not used on non-Windows systems
[7.668s] INFO:colcon.colcon_notification.desktop_notification:Sending desktop notification using 'notify2'
[7.681s] DEBUG:colcon.colcon_core.event_reactor:joined thread
[7.682s] INFO:colcon.colcon_core.shell:Creating prefix script '/home/parallels/ros2_ws/src/segway_ros2/install/local_setup.ps1'
[7.682s] INFO:colcon.colcon_core.shell:Creating prefix util module '/home/parallels/ros2_ws/src/segway_ros2/install/_local_setup_util_ps1.py'
[7.683s] INFO:colcon.colcon_core.shell:Creating prefix chain script '/home/parallels/ros2_ws/src/segway_ros2/install/setup.ps1'
[7.684s] INFO:colcon.colcon_core.shell:Creating prefix script '/home/parallels/ros2_ws/src/segway_ros2/install/local_setup.sh'
[7.685s] INFO:colcon.colcon_core.shell:Creating prefix util module '/home/parallels/ros2_ws/src/segway_ros2/install/_local_setup_util_sh.py'
[7.685s] INFO:colcon.colcon_core.shell:Creating prefix chain script '/home/parallels/ros2_ws/src/segway_ros2/install/setup.sh'
[7.686s] INFO:colcon.colcon_core.shell:Creating prefix script '/home/parallels/ros2_ws/src/segway_ros2/install/local_setup.bash'
[7.686s] INFO:colcon.colcon_core.shell:Creating prefix chain script '/home/parallels/ros2_ws/src/segway_ros2/install/setup.bash'
[7.687s] INFO:colcon.colcon_core.shell:Creating prefix script '/home/parallels/ros2_ws/src/segway_ros2/install/local_setup.zsh'
[7.687s] INFO:colcon.colcon_core.shell:Creating prefix chain script '/home/parallels/ros2_ws/src/segway_ros2/install/setup.zsh'
