[0.158s] DEBUG:colcon:Command line arguments: ['/usr/bin/colcon', 'build']
[0.158s] DEBUG:colcon:Parsed command line arguments: Namespace(log_base=None, log_level=None, verb_name='build', build_base='build', install_base='install', merge_install=False, symlink_install=False, test_result_base=None, continue_on_error=False, executor='parallel', parallel_workers=4, event_handlers=None, ignore_user_meta=False, metas=['./colcon.meta'], base_paths=['.'], packages_ignore=None, packages_ignore_regex=None, paths=None, packages_up_to=None, packages_up_to_regex=None, packages_above=None, packages_above_and_dependencies=None, packages_above_depth=None, packages_select_by_dep=None, packages_skip_by_dep=None, packages_skip_up_to=None, packages_select_build_failed=False, packages_skip_build_finished=False, packages_select_test_failures=False, packages_skip_test_passed=False, packages_select=None, packages_skip=None, packages_select_regex=None, packages_skip_regex=None, packages_start=None, packages_end=None, allow_overriding=[], cmake_args=None, cmake_target=None, cmake_target_skip_unavailable=False, cmake_clean_cache=False, cmake_clean_first=False, cmake_force_configure=False, ament_cmake_args=None, catkin_cmake_args=None, catkin_skip_building_tests=False, verb_parser=<colcon_defaults.argument_parser.defaults.DefaultArgumentsDecorator object at 0xffffaf10cd60>, verb_extension=<colcon_core.verb.build.BuildVerb object at 0xffffafbd7bb0>, main=<bound method BuildVerb.main of <colcon_core.verb.build.BuildVerb object at 0xffffafbd7bb0>>)
[0.169s] Level 1:colcon.colcon_core.package_discovery:discover_packages(colcon_meta) check parameters
[0.169s] Level 1:colcon.colcon_core.package_discovery:discover_packages(recursive) check parameters
[0.169s] Level 1:colcon.colcon_core.package_discovery:discover_packages(ignore) check parameters
[0.169s] Level 1:colcon.colcon_core.package_discovery:discover_packages(path) check parameters
[0.169s] Level 1:colcon.colcon_core.package_discovery:discover_packages(colcon_meta) discover
[0.169s] Level 1:colcon.colcon_core.package_discovery:discover_packages(recursive) discover
[0.169s] INFO:colcon.colcon_core.package_discovery:Crawling recursively for packages in '/home/parallels/ros2_ws/src/segway_ros2'
[0.169s] Level 1:colcon.colcon_core.package_identification:_identify(.) by extensions ['ignore', 'ignore_ament_install']
[0.169s] Level 1:colcon.colcon_core.package_identification:_identify(.) by extension 'ignore'
[0.169s] Level 1:colcon.colcon_core.package_identification:_identify(.) by extension 'ignore_ament_install'
[0.169s] Level 1:colcon.colcon_core.package_identification:_identify(.) by extensions ['colcon_pkg']
[0.169s] Level 1:colcon.colcon_core.package_identification:_identify(.) by extension 'colcon_pkg'
[0.169s] Level 1:colcon.colcon_core.package_identification:_identify(.) by extensions ['colcon_meta']
[0.169s] Level 1:colcon.colcon_core.package_identification:_identify(.) by extension 'colcon_meta'
[0.169s] Level 1:colcon.colcon_core.package_identification:_identify(.) by extensions ['ros']
[0.169s] Level 1:colcon.colcon_core.package_identification:_identify(.) by extension 'ros'
[0.174s] Level 1:colcon.colcon_core.package_identification:_identify(.) by extensions ['cmake', 'python']
[0.174s] Level 1:colcon.colcon_core.package_identification:_identify(.) by extension 'cmake'
[0.174s] Level 1:colcon.colcon_core.package_identification:_identify(.) by extension 'python'
[0.174s] Level 1:colcon.colcon_core.package_identification:_identify(.) by extensions ['python_setup_py']
[0.174s] Level 1:colcon.colcon_core.package_identification:_identify(.) by extension 'python_setup_py'
[0.174s] Level 1:colcon.colcon_core.package_identification:_identify(build) by extensions ['ignore', 'ignore_ament_install']
[0.175s] Level 1:colcon.colcon_core.package_identification:_identify(build) by extension 'ignore'
[0.175s] Level 1:colcon.colcon_core.package_identification:_identify(build) ignored
[0.175s] Level 1:colcon.colcon_core.package_identification:_identify(install) by extensions ['ignore', 'ignore_ament_install']
[0.175s] Level 1:colcon.colcon_core.package_identification:_identify(install) by extension 'ignore'
[0.175s] Level 1:colcon.colcon_core.package_identification:_identify(install) ignored
[0.175s] Level 1:colcon.colcon_core.package_identification:_identify(log) by extensions ['ignore', 'ignore_ament_install']
[0.175s] Level 1:colcon.colcon_core.package_identification:_identify(log) by extension 'ignore'
[0.175s] Level 1:colcon.colcon_core.package_identification:_identify(log) ignored
[0.175s] Level 1:colcon.colcon_core.package_identification:_identify(segway_msgs) by extensions ['ignore', 'ignore_ament_install']
[0.175s] Level 1:colcon.colcon_core.package_identification:_identify(segway_msgs) by extension 'ignore'
[0.175s] Level 1:colcon.colcon_core.package_identification:_identify(segway_msgs) by extension 'ignore_ament_install'
[0.175s] Level 1:colcon.colcon_core.package_identification:_identify(segway_msgs) by extensions ['colcon_pkg']
[0.175s] Level 1:colcon.colcon_core.package_identification:_identify(segway_msgs) by extension 'colcon_pkg'
[0.175s] Level 1:colcon.colcon_core.package_identification:_identify(segway_msgs) by extensions ['colcon_meta']
[0.175s] Level 1:colcon.colcon_core.package_identification:_identify(segway_msgs) by extension 'colcon_meta'
[0.175s] Level 1:colcon.colcon_core.package_identification:_identify(segway_msgs) by extensions ['ros']
[0.175s] Level 1:colcon.colcon_core.package_identification:_identify(segway_msgs) by extension 'ros'
[0.176s] DEBUG:colcon.colcon_core.package_identification:Package 'segway_msgs' with type 'ros.ament_cmake' and name 'segway_msgs'
[0.176s] Level 1:colcon.colcon_core.package_identification:_identify(segwayrmp) by extensions ['ignore', 'ignore_ament_install']
[0.177s] Level 1:colcon.colcon_core.package_identification:_identify(segwayrmp) by extension 'ignore'
[0.177s] Level 1:colcon.colcon_core.package_identification:_identify(segwayrmp) by extension 'ignore_ament_install'
[0.177s] Level 1:colcon.colcon_core.package_identification:_identify(segwayrmp) by extensions ['colcon_pkg']
[0.177s] Level 1:colcon.colcon_core.package_identification:_identify(segwayrmp) by extension 'colcon_pkg'
[0.177s] Level 1:colcon.colcon_core.package_identification:_identify(segwayrmp) by extensions ['colcon_meta']
[0.177s] Level 1:colcon.colcon_core.package_identification:_identify(segwayrmp) by extension 'colcon_meta'
[0.177s] Level 1:colcon.colcon_core.package_identification:_identify(segwayrmp) by extensions ['ros']
[0.177s] Level 1:colcon.colcon_core.package_identification:_identify(segwayrmp) by extension 'ros'
[0.177s] DEBUG:colcon.colcon_core.package_identification:Package 'segwayrmp' with type 'ros.catkin' and name 'segwayrmp'
[0.177s] Level 1:colcon.colcon_core.package_discovery:discover_packages(recursive) using defaults
[0.177s] Level 1:colcon.colcon_core.package_discovery:discover_packages(ignore) discover
[0.177s] Level 1:colcon.colcon_core.package_discovery:discover_packages(ignore) using defaults
[0.177s] Level 1:colcon.colcon_core.package_discovery:discover_packages(path) discover
[0.177s] Level 1:colcon.colcon_core.package_discovery:discover_packages(path) using defaults
[0.188s] Level 1:colcon.colcon_core.package_discovery:discover_packages(prefix_path) check parameters
[0.188s] Level 1:colcon.colcon_core.package_discovery:discover_packages(prefix_path) discover
[0.190s] DEBUG:colcon.colcon_installed_package_information.package_discovery:Found 272 installed packages in /opt/ros/humble
[0.190s] Level 1:colcon.colcon_core.package_discovery:discover_packages(prefix_path) using defaults
[0.218s] Level 5:colcon.colcon_core.verb:set package 'segway_msgs' build argument 'cmake_args' from command line to 'None'
[0.218s] Level 5:colcon.colcon_core.verb:set package 'segway_msgs' build argument 'cmake_target' from command line to 'None'
[0.218s] Level 5:colcon.colcon_core.verb:set package 'segway_msgs' build argument 'cmake_target_skip_unavailable' from command line to 'False'
[0.218s] Level 5:colcon.colcon_core.verb:set package 'segway_msgs' build argument 'cmake_clean_cache' from command line to 'False'
[0.218s] Level 5:colcon.colcon_core.verb:set package 'segway_msgs' build argument 'cmake_clean_first' from command line to 'False'
[0.218s] Level 5:colcon.colcon_core.verb:set package 'segway_msgs' build argument 'cmake_force_configure' from command line to 'False'
[0.218s] Level 5:colcon.colcon_core.verb:set package 'segway_msgs' build argument 'ament_cmake_args' from command line to 'None'
[0.218s] Level 5:colcon.colcon_core.verb:set package 'segway_msgs' build argument 'catkin_cmake_args' from command line to 'None'
[0.218s] Level 5:colcon.colcon_core.verb:set package 'segway_msgs' build argument 'catkin_skip_building_tests' from command line to 'False'
[0.218s] DEBUG:colcon.colcon_core.verb:Building package 'segway_msgs' with the following arguments: {'ament_cmake_args': None, 'build_base': '/home/parallels/ros2_ws/src/segway_ros2/build/segway_msgs', 'catkin_cmake_args': None, 'catkin_skip_building_tests': False, 'cmake_args': None, 'cmake_clean_cache': False, 'cmake_clean_first': False, 'cmake_force_configure': False, 'cmake_target': None, 'cmake_target_skip_unavailable': False, 'install_base': '/home/parallels/ros2_ws/src/segway_ros2/install/segway_msgs', 'merge_install': False, 'path': '/home/parallels/ros2_ws/src/segway_ros2/segway_msgs', 'symlink_install': False, 'test_result_base': None}
[0.219s] Level 5:colcon.colcon_core.verb:set package 'segwayrmp' build argument 'cmake_args' from command line to 'None'
[0.219s] Level 5:colcon.colcon_core.verb:set package 'segwayrmp' build argument 'cmake_target' from command line to 'None'
[0.219s] Level 5:colcon.colcon_core.verb:set package 'segwayrmp' build argument 'cmake_target_skip_unavailable' from command line to 'False'
[0.219s] Level 5:colcon.colcon_core.verb:set package 'segwayrmp' build argument 'cmake_clean_cache' from command line to 'False'
[0.219s] Level 5:colcon.colcon_core.verb:set package 'segwayrmp' build argument 'cmake_clean_first' from command line to 'False'
[0.219s] Level 5:colcon.colcon_core.verb:set package 'segwayrmp' build argument 'cmake_force_configure' from command line to 'False'
[0.219s] Level 5:colcon.colcon_core.verb:set package 'segwayrmp' build argument 'ament_cmake_args' from command line to 'None'
[0.219s] Level 5:colcon.colcon_core.verb:set package 'segwayrmp' build argument 'catkin_cmake_args' from command line to 'None'
[0.219s] Level 5:colcon.colcon_core.verb:set package 'segwayrmp' build argument 'catkin_skip_building_tests' from command line to 'False'
[0.219s] DEBUG:colcon.colcon_core.verb:Building package 'segwayrmp' with the following arguments: {'ament_cmake_args': None, 'build_base': '/home/parallels/ros2_ws/src/segway_ros2/build/segwayrmp', 'catkin_cmake_args': None, 'catkin_skip_building_tests': False, 'cmake_args': None, 'cmake_clean_cache': False, 'cmake_clean_first': False, 'cmake_force_configure': False, 'cmake_target': None, 'cmake_target_skip_unavailable': False, 'install_base': '/home/parallels/ros2_ws/src/segway_ros2/install/segwayrmp', 'merge_install': False, 'path': '/home/parallels/ros2_ws/src/segway_ros2/segwayrmp', 'symlink_install': False, 'test_result_base': None}
[0.219s] INFO:colcon.colcon_core.executor:Executing jobs using 'parallel' executor
[0.220s] DEBUG:colcon.colcon_parallel_executor.executor.parallel:run_until_complete
[0.221s] INFO:colcon.colcon_ros.task.ament_cmake.build:Building ROS package in '/home/parallels/ros2_ws/src/segway_ros2/segway_msgs' with build type 'ament_cmake'
[0.221s] INFO:colcon.colcon_cmake.task.cmake.build:Building CMake package in '/home/parallels/ros2_ws/src/segway_ros2/segway_msgs'
[0.222s] INFO:colcon.colcon_core.plugin_system:Skipping extension 'colcon_core.shell.bat': Not used on non-Windows systems
[0.223s] INFO:colcon.colcon_core.shell:Skip shell extension 'powershell' for command environment: Not usable outside of PowerShell
[0.223s] DEBUG:colcon.colcon_core.shell:Skip shell extension 'dsv' for command environment
[0.228s] DEBUG:colcon.colcon_core.event_handler.log_command:Invoking command in '/home/parallels/ros2_ws/src/segway_ros2/build/segway_msgs': CMAKE_PREFIX_PATH=/opt/ros/humble /usr/bin/cmake --build /home/parallels/ros2_ws/src/segway_ros2/build/segway_msgs -- -j4 -l4
[0.473s] DEBUG:colcon.colcon_core.event_handler.log_command:Invoked command in '/home/parallels/ros2_ws/src/segway_ros2/build/segway_msgs' returned '0': CMAKE_PREFIX_PATH=/opt/ros/humble /usr/bin/cmake --build /home/parallels/ros2_ws/src/segway_ros2/build/segway_msgs -- -j4 -l4
[0.900s] DEBUG:colcon.colcon_core.event_handler.log_command:Invoking command in '/home/parallels/ros2_ws/src/segway_ros2/build/segway_msgs': CMAKE_PREFIX_PATH=/opt/ros/humble /usr/bin/cmake --install /home/parallels/ros2_ws/src/segway_ros2/build/segway_msgs
[0.943s] Level 1:colcon.colcon_core.environment:create_environment_scripts_only(segway_msgs)
[0.944s] DEBUG:colcon.colcon_core.event_handler.log_command:Invoked command in '/home/parallels/ros2_ws/src/segway_ros2/build/segway_msgs' returned '0': CMAKE_PREFIX_PATH=/opt/ros/humble /usr/bin/cmake --install /home/parallels/ros2_ws/src/segway_ros2/build/segway_msgs
[0.945s] Level 1:colcon.colcon_core.environment:checking '/home/parallels/ros2_ws/src/segway_ros2/install/segway_msgs' for CMake module files
[0.946s] Level 1:colcon.colcon_core.environment:checking '/home/parallels/ros2_ws/src/segway_ros2/install/segway_msgs' for CMake config files
[0.946s] Level 1:colcon.colcon_core.shell:create_environment_hook('segway_msgs', 'cmake_prefix_path')
[0.946s] INFO:colcon.colcon_core.shell:Creating environment hook '/home/parallels/ros2_ws/src/segway_ros2/install/segway_msgs/share/segway_msgs/hook/cmake_prefix_path.ps1'
[0.946s] INFO:colcon.colcon_core.shell:Creating environment descriptor '/home/parallels/ros2_ws/src/segway_ros2/install/segway_msgs/share/segway_msgs/hook/cmake_prefix_path.dsv'
[0.947s] INFO:colcon.colcon_core.shell:Creating environment hook '/home/parallels/ros2_ws/src/segway_ros2/install/segway_msgs/share/segway_msgs/hook/cmake_prefix_path.sh'
[0.947s] Level 1:colcon.colcon_core.environment:checking '/home/parallels/ros2_ws/src/segway_ros2/install/segway_msgs/lib'
[0.947s] Level 1:colcon.colcon_core.shell:create_environment_hook('segway_msgs', 'ld_library_path_lib')
[0.948s] INFO:colcon.colcon_core.shell:Creating environment hook '/home/parallels/ros2_ws/src/segway_ros2/install/segway_msgs/share/segway_msgs/hook/ld_library_path_lib.ps1'
[0.948s] INFO:colcon.colcon_core.shell:Creating environment descriptor '/home/parallels/ros2_ws/src/segway_ros2/install/segway_msgs/share/segway_msgs/hook/ld_library_path_lib.dsv'
[0.948s] INFO:colcon.colcon_core.shell:Creating environment hook '/home/parallels/ros2_ws/src/segway_ros2/install/segway_msgs/share/segway_msgs/hook/ld_library_path_lib.sh'
[0.948s] Level 1:colcon.colcon_core.environment:checking '/home/parallels/ros2_ws/src/segway_ros2/install/segway_msgs/bin'
[0.948s] Level 1:colcon.colcon_core.environment:checking '/home/parallels/ros2_ws/src/segway_ros2/install/segway_msgs/lib/pkgconfig/segway_msgs.pc'
[0.948s] Level 1:colcon.colcon_core.environment:checking '/home/parallels/ros2_ws/src/segway_ros2/install/segway_msgs/lib/python3.10/site-packages'
[0.948s] Level 1:colcon.colcon_core.environment:checking '/home/parallels/ros2_ws/src/segway_ros2/install/segway_msgs/bin'
[0.949s] INFO:colcon.colcon_core.shell:Creating package script '/home/parallels/ros2_ws/src/segway_ros2/install/segway_msgs/share/segway_msgs/package.ps1'
[0.949s] INFO:colcon.colcon_core.shell:Creating package descriptor '/home/parallels/ros2_ws/src/segway_ros2/install/segway_msgs/share/segway_msgs/package.dsv'
[0.950s] INFO:colcon.colcon_core.shell:Creating package script '/home/parallels/ros2_ws/src/segway_ros2/install/segway_msgs/share/segway_msgs/package.sh'
[0.950s] INFO:colcon.colcon_core.shell:Creating package script '/home/parallels/ros2_ws/src/segway_ros2/install/segway_msgs/share/segway_msgs/package.bash'
[0.950s] INFO:colcon.colcon_core.shell:Creating package script '/home/parallels/ros2_ws/src/segway_ros2/install/segway_msgs/share/segway_msgs/package.zsh'
[0.951s] Level 1:colcon.colcon_core.environment:create_file_with_runtime_dependencies(/home/parallels/ros2_ws/src/segway_ros2/install/segway_msgs/share/colcon-core/packages/segway_msgs)
[1.357s] Level 1:colcon.colcon_core.environment:create_environment_scripts_only(segway_msgs)
[1.358s] Level 1:colcon.colcon_core.environment:checking '/home/parallels/ros2_ws/src/segway_ros2/install/segway_msgs' for CMake module files
[1.358s] Level 1:colcon.colcon_core.environment:checking '/home/parallels/ros2_ws/src/segway_ros2/install/segway_msgs' for CMake config files
[1.359s] Level 1:colcon.colcon_core.shell:create_environment_hook('segway_msgs', 'cmake_prefix_path')
[1.359s] INFO:colcon.colcon_core.shell:Creating environment hook '/home/parallels/ros2_ws/src/segway_ros2/install/segway_msgs/share/segway_msgs/hook/cmake_prefix_path.ps1'
[1.359s] INFO:colcon.colcon_core.shell:Creating environment descriptor '/home/parallels/ros2_ws/src/segway_ros2/install/segway_msgs/share/segway_msgs/hook/cmake_prefix_path.dsv'
[1.359s] INFO:colcon.colcon_core.shell:Creating environment hook '/home/parallels/ros2_ws/src/segway_ros2/install/segway_msgs/share/segway_msgs/hook/cmake_prefix_path.sh'
[1.360s] Level 1:colcon.colcon_core.environment:checking '/home/parallels/ros2_ws/src/segway_ros2/install/segway_msgs/lib'
[1.360s] Level 1:colcon.colcon_core.shell:create_environment_hook('segway_msgs', 'ld_library_path_lib')
[1.360s] INFO:colcon.colcon_core.shell:Creating environment hook '/home/parallels/ros2_ws/src/segway_ros2/install/segway_msgs/share/segway_msgs/hook/ld_library_path_lib.ps1'
[1.360s] INFO:colcon.colcon_core.shell:Creating environment descriptor '/home/parallels/ros2_ws/src/segway_ros2/install/segway_msgs/share/segway_msgs/hook/ld_library_path_lib.dsv'
[1.361s] INFO:colcon.colcon_core.shell:Creating environment hook '/home/parallels/ros2_ws/src/segway_ros2/install/segway_msgs/share/segway_msgs/hook/ld_library_path_lib.sh'
[1.361s] Level 1:colcon.colcon_core.environment:checking '/home/parallels/ros2_ws/src/segway_ros2/install/segway_msgs/bin'
[1.361s] Level 1:colcon.colcon_core.environment:checking '/home/parallels/ros2_ws/src/segway_ros2/install/segway_msgs/lib/pkgconfig/segway_msgs.pc'
[1.361s] Level 1:colcon.colcon_core.environment:checking '/home/parallels/ros2_ws/src/segway_ros2/install/segway_msgs/lib/python3.10/site-packages'
[1.361s] Level 1:colcon.colcon_core.environment:checking '/home/parallels/ros2_ws/src/segway_ros2/install/segway_msgs/bin'
[1.362s] INFO:colcon.colcon_core.shell:Creating package script '/home/parallels/ros2_ws/src/segway_ros2/install/segway_msgs/share/segway_msgs/package.ps1'
[1.362s] INFO:colcon.colcon_core.shell:Creating package descriptor '/home/parallels/ros2_ws/src/segway_ros2/install/segway_msgs/share/segway_msgs/package.dsv'
[1.362s] INFO:colcon.colcon_core.shell:Creating package script '/home/parallels/ros2_ws/src/segway_ros2/install/segway_msgs/share/segway_msgs/package.sh'
[1.362s] INFO:colcon.colcon_core.shell:Creating package script '/home/parallels/ros2_ws/src/segway_ros2/install/segway_msgs/share/segway_msgs/package.bash'
[1.363s] INFO:colcon.colcon_core.shell:Creating package script '/home/parallels/ros2_ws/src/segway_ros2/install/segway_msgs/share/segway_msgs/package.zsh'
[1.363s] Level 1:colcon.colcon_core.environment:create_file_with_runtime_dependencies(/home/parallels/ros2_ws/src/segway_ros2/install/segway_msgs/share/colcon-core/packages/segway_msgs)
[1.363s] INFO:colcon.colcon_ros.task.catkin.build:Building ROS package in '/home/parallels/ros2_ws/src/segway_ros2/segwayrmp' with build type 'catkin'
[1.363s] INFO:colcon.colcon_cmake.task.cmake.build:Building CMake package in '/home/parallels/ros2_ws/src/segway_ros2/segwayrmp'
[1.364s] INFO:colcon.colcon_core.shell:Skip shell extension 'powershell' for command environment: Not usable outside of PowerShell
[1.364s] DEBUG:colcon.colcon_core.shell:Skip shell extension 'dsv' for command environment
[1.370s] DEBUG:colcon.colcon_core.event_handler.log_command:Invoking command in '/home/parallels/ros2_ws/src/segway_ros2/build/segwayrmp': AMENT_PREFIX_PATH=/home/parallels/ros2_ws/src/segway_ros2/install/segway_msgs:${AMENT_PREFIX_PATH} CMAKE_PREFIX_PATH=/home/parallels/ros2_ws/src/segway_ros2/install/segway_msgs LD_LIBRARY_PATH=/home/parallels/ros2_ws/src/segway_ros2/install/segway_msgs/lib:${LD_LIBRARY_PATH} PYTHONPATH=/home/parallels/ros2_ws/src/segway_ros2/install/segway_msgs/local/lib/python3.10/dist-packages:${PYTHONPATH} /usr/bin/cmake --build /home/parallels/ros2_ws/src/segway_ros2/build/segwayrmp -- -j4 -l4
[3.668s] DEBUG:colcon.colcon_core.event_handler.log_command:Invoked command in '/home/parallels/ros2_ws/src/segway_ros2/build/segwayrmp' returned '2': AMENT_PREFIX_PATH=/home/parallels/ros2_ws/src/segway_ros2/install/segway_msgs:${AMENT_PREFIX_PATH} CMAKE_PREFIX_PATH=/home/parallels/ros2_ws/src/segway_ros2/install/segway_msgs LD_LIBRARY_PATH=/home/parallels/ros2_ws/src/segway_ros2/install/segway_msgs/lib:${LD_LIBRARY_PATH} PYTHONPATH=/home/parallels/ros2_ws/src/segway_ros2/install/segway_msgs/local/lib/python3.10/dist-packages:${PYTHONPATH} /usr/bin/cmake --build /home/parallels/ros2_ws/src/segway_ros2/build/segwayrmp -- -j4 -l4
[3.692s] Level 1:colcon.colcon_core.shell:create_environment_hook('segwayrmp', 'ros_package_path')
[3.692s] INFO:colcon.colcon_core.shell:Creating environment hook '/home/parallels/ros2_ws/src/segway_ros2/install/segwayrmp/share/segwayrmp/hook/ros_package_path.ps1'
[3.693s] INFO:colcon.colcon_core.shell:Creating environment descriptor '/home/parallels/ros2_ws/src/segway_ros2/install/segwayrmp/share/segwayrmp/hook/ros_package_path.dsv'
[3.693s] INFO:colcon.colcon_core.shell:Creating environment hook '/home/parallels/ros2_ws/src/segway_ros2/install/segwayrmp/share/segwayrmp/hook/ros_package_path.sh'
[3.693s] Level 1:colcon.colcon_core.shell:create_environment_hook('segwayrmp', 'pkg_config_path')
[3.694s] INFO:colcon.colcon_core.shell:Creating environment hook '/home/parallels/ros2_ws/src/segway_ros2/install/segwayrmp/share/segwayrmp/hook/pkg_config_path.ps1'
[3.694s] INFO:colcon.colcon_core.shell:Creating environment descriptor '/home/parallels/ros2_ws/src/segway_ros2/install/segwayrmp/share/segwayrmp/hook/pkg_config_path.dsv'
[3.694s] INFO:colcon.colcon_core.shell:Creating environment hook '/home/parallels/ros2_ws/src/segway_ros2/install/segwayrmp/share/segwayrmp/hook/pkg_config_path.sh'
[3.695s] Level 1:colcon.colcon_core.shell:create_environment_hook('segwayrmp', 'pkg_config_path_multiarch')
[3.696s] INFO:colcon.colcon_core.shell:Creating environment hook '/home/parallels/ros2_ws/src/segway_ros2/install/segwayrmp/share/segwayrmp/hook/pkg_config_path_multiarch.ps1'
[3.696s] INFO:colcon.colcon_core.shell:Creating environment descriptor '/home/parallels/ros2_ws/src/segway_ros2/install/segwayrmp/share/segwayrmp/hook/pkg_config_path_multiarch.dsv'
[3.696s] INFO:colcon.colcon_core.shell:Creating environment hook '/home/parallels/ros2_ws/src/segway_ros2/install/segwayrmp/share/segwayrmp/hook/pkg_config_path_multiarch.sh'
[3.697s] Level 1:colcon.colcon_core.environment:create_environment_scripts_only(segwayrmp)
[3.698s] Level 1:colcon.colcon_core.environment:checking '/home/parallels/ros2_ws/src/segway_ros2/install/segwayrmp' for CMake module files
[3.698s] Level 1:colcon.colcon_core.environment:checking '/home/parallels/ros2_ws/src/segway_ros2/install/segwayrmp' for CMake config files
[3.699s] Level 1:colcon.colcon_core.environment:checking '/home/parallels/ros2_ws/src/segway_ros2/install/segwayrmp/bin'
[3.699s] Level 1:colcon.colcon_core.environment:checking '/home/parallels/ros2_ws/src/segway_ros2/install/segwayrmp/lib/pkgconfig/segwayrmp.pc'
[3.699s] Level 1:colcon.colcon_core.environment:checking '/home/parallels/ros2_ws/src/segway_ros2/install/segwayrmp/lib/python3.10/site-packages'
[3.699s] Level 1:colcon.colcon_core.environment:checking '/home/parallels/ros2_ws/src/segway_ros2/install/segwayrmp/bin'
[3.699s] INFO:colcon.colcon_core.shell:Creating package script '/home/parallels/ros2_ws/src/segway_ros2/install/segwayrmp/share/segwayrmp/package.ps1'
[3.700s] INFO:colcon.colcon_core.shell:Creating package descriptor '/home/parallels/ros2_ws/src/segway_ros2/install/segwayrmp/share/segwayrmp/package.dsv'
[3.700s] INFO:colcon.colcon_core.shell:Creating package script '/home/parallels/ros2_ws/src/segway_ros2/install/segwayrmp/share/segwayrmp/package.sh'
[3.700s] INFO:colcon.colcon_core.shell:Creating package script '/home/parallels/ros2_ws/src/segway_ros2/install/segwayrmp/share/segwayrmp/package.bash'
[3.700s] INFO:colcon.colcon_core.shell:Creating package script '/home/parallels/ros2_ws/src/segway_ros2/install/segwayrmp/share/segwayrmp/package.zsh'
[3.700s] Level 1:colcon.colcon_core.environment:create_file_with_runtime_dependencies(/home/parallels/ros2_ws/src/segway_ros2/install/segwayrmp/share/colcon-core/packages/segwayrmp)
[3.711s] DEBUG:colcon.colcon_parallel_executor.executor.parallel:closing loop
[3.711s] DEBUG:colcon.colcon_parallel_executor.executor.parallel:loop closed
[3.711s] DEBUG:colcon.colcon_parallel_executor.executor.parallel:run_until_complete finished with '2'
[3.711s] DEBUG:colcon.colcon_core.event_reactor:joining thread
[3.714s] INFO:colcon.colcon_core.plugin_system:Skipping extension 'colcon_notification.desktop_notification.terminal_notifier': Not used on non-Darwin systems
[3.714s] INFO:colcon.colcon_core.plugin_system:Skipping extension 'colcon_notification.desktop_notification.win32': Not used on non-Windows systems
[3.714s] INFO:colcon.colcon_notification.desktop_notification:Sending desktop notification using 'notify2'
[3.720s] DEBUG:colcon.colcon_core.event_reactor:joined thread
[3.721s] INFO:colcon.colcon_core.shell:Creating prefix script '/home/parallels/ros2_ws/src/segway_ros2/install/local_setup.ps1'
[3.721s] INFO:colcon.colcon_core.shell:Creating prefix util module '/home/parallels/ros2_ws/src/segway_ros2/install/_local_setup_util_ps1.py'
[3.722s] INFO:colcon.colcon_core.shell:Creating prefix chain script '/home/parallels/ros2_ws/src/segway_ros2/install/setup.ps1'
[3.723s] INFO:colcon.colcon_core.shell:Creating prefix script '/home/parallels/ros2_ws/src/segway_ros2/install/local_setup.sh'
[3.723s] INFO:colcon.colcon_core.shell:Creating prefix util module '/home/parallels/ros2_ws/src/segway_ros2/install/_local_setup_util_sh.py'
[3.723s] INFO:colcon.colcon_core.shell:Creating prefix chain script '/home/parallels/ros2_ws/src/segway_ros2/install/setup.sh'
[3.724s] INFO:colcon.colcon_core.shell:Creating prefix script '/home/parallels/ros2_ws/src/segway_ros2/install/local_setup.bash'
[3.725s] INFO:colcon.colcon_core.shell:Creating prefix chain script '/home/parallels/ros2_ws/src/segway_ros2/install/setup.bash'
[3.725s] INFO:colcon.colcon_core.shell:Creating prefix script '/home/parallels/ros2_ws/src/segway_ros2/install/local_setup.zsh'
[3.725s] INFO:colcon.colcon_core.shell:Creating prefix chain script '/home/parallels/ros2_ws/src/segway_ros2/install/setup.zsh'
