[0.176s] DEBUG:colcon:Command line arguments: ['/usr/bin/colcon', 'build']
[0.176s] DEBUG:colcon:Parsed command line arguments: Namespace(log_base=None, log_level=None, verb_name='build', build_base='build', install_base='install', merge_install=False, symlink_install=False, test_result_base=None, continue_on_error=False, executor='parallel', parallel_workers=4, event_handlers=None, ignore_user_meta=False, metas=['./colcon.meta'], base_paths=['.'], packages_ignore=None, packages_ignore_regex=None, paths=None, packages_up_to=None, packages_up_to_regex=None, packages_above=None, packages_above_and_dependencies=None, packages_above_depth=None, packages_select_by_dep=None, packages_skip_by_dep=None, packages_skip_up_to=None, packages_select_build_failed=False, packages_skip_build_finished=False, packages_select_test_failures=False, packages_skip_test_passed=False, packages_select=None, packages_skip=None, packages_select_regex=None, packages_skip_regex=None, packages_start=None, packages_end=None, allow_overriding=[], cmake_args=None, cmake_target=None, cmake_target_skip_unavailable=False, cmake_clean_cache=False, cmake_clean_first=False, cmake_force_configure=False, ament_cmake_args=None, catkin_cmake_args=None, catkin_skip_building_tests=False, verb_parser=<colcon_defaults.argument_parser.defaults.DefaultArgumentsDecorator object at 0xffff7dfb0dc0>, verb_extension=<colcon_core.verb.build.BuildVerb object at 0xffff7ea77070>, main=<bound method BuildVerb.main of <colcon_core.verb.build.BuildVerb object at 0xffff7ea77070>>)
[0.189s] Level 1:colcon.colcon_core.package_discovery:discover_packages(colcon_meta) check parameters
[0.189s] Level 1:colcon.colcon_core.package_discovery:discover_packages(recursive) check parameters
[0.189s] Level 1:colcon.colcon_core.package_discovery:discover_packages(ignore) check parameters
[0.189s] Level 1:colcon.colcon_core.package_discovery:discover_packages(path) check parameters
[0.189s] Level 1:colcon.colcon_core.package_discovery:discover_packages(colcon_meta) discover
[0.189s] Level 1:colcon.colcon_core.package_discovery:discover_packages(recursive) discover
[0.189s] INFO:colcon.colcon_core.package_discovery:Crawling recursively for packages in '/home/parallels/ros2_ws/src/segway_ros2'
[0.189s] Level 1:colcon.colcon_core.package_identification:_identify(.) by extensions ['ignore', 'ignore_ament_install']
[0.189s] Level 1:colcon.colcon_core.package_identification:_identify(.) by extension 'ignore'
[0.189s] Level 1:colcon.colcon_core.package_identification:_identify(.) by extension 'ignore_ament_install'
[0.189s] Level 1:colcon.colcon_core.package_identification:_identify(.) by extensions ['colcon_pkg']
[0.189s] Level 1:colcon.colcon_core.package_identification:_identify(.) by extension 'colcon_pkg'
[0.189s] Level 1:colcon.colcon_core.package_identification:_identify(.) by extensions ['colcon_meta']
[0.189s] Level 1:colcon.colcon_core.package_identification:_identify(.) by extension 'colcon_meta'
[0.189s] Level 1:colcon.colcon_core.package_identification:_identify(.) by extensions ['ros']
[0.189s] Level 1:colcon.colcon_core.package_identification:_identify(.) by extension 'ros'
[0.196s] Level 1:colcon.colcon_core.package_identification:_identify(.) by extensions ['cmake', 'python']
[0.196s] Level 1:colcon.colcon_core.package_identification:_identify(.) by extension 'cmake'
[0.196s] Level 1:colcon.colcon_core.package_identification:_identify(.) by extension 'python'
[0.196s] Level 1:colcon.colcon_core.package_identification:_identify(.) by extensions ['python_setup_py']
[0.196s] Level 1:colcon.colcon_core.package_identification:_identify(.) by extension 'python_setup_py'
[0.196s] Level 1:colcon.colcon_core.package_identification:_identify(build) by extensions ['ignore', 'ignore_ament_install']
[0.196s] Level 1:colcon.colcon_core.package_identification:_identify(build) by extension 'ignore'
[0.196s] Level 1:colcon.colcon_core.package_identification:_identify(build) ignored
[0.196s] Level 1:colcon.colcon_core.package_identification:_identify(install) by extensions ['ignore', 'ignore_ament_install']
[0.196s] Level 1:colcon.colcon_core.package_identification:_identify(install) by extension 'ignore'
[0.196s] Level 1:colcon.colcon_core.package_identification:_identify(install) ignored
[0.196s] Level 1:colcon.colcon_core.package_identification:_identify(log) by extensions ['ignore', 'ignore_ament_install']
[0.196s] Level 1:colcon.colcon_core.package_identification:_identify(log) by extension 'ignore'
[0.196s] Level 1:colcon.colcon_core.package_identification:_identify(log) ignored
[0.196s] Level 1:colcon.colcon_core.package_identification:_identify(segway_msgs) by extensions ['ignore', 'ignore_ament_install']
[0.196s] Level 1:colcon.colcon_core.package_identification:_identify(segway_msgs) by extension 'ignore'
[0.196s] Level 1:colcon.colcon_core.package_identification:_identify(segway_msgs) by extension 'ignore_ament_install'
[0.196s] Level 1:colcon.colcon_core.package_identification:_identify(segway_msgs) by extensions ['colcon_pkg']
[0.196s] Level 1:colcon.colcon_core.package_identification:_identify(segway_msgs) by extension 'colcon_pkg'
[0.196s] Level 1:colcon.colcon_core.package_identification:_identify(segway_msgs) by extensions ['colcon_meta']
[0.196s] Level 1:colcon.colcon_core.package_identification:_identify(segway_msgs) by extension 'colcon_meta'
[0.197s] Level 1:colcon.colcon_core.package_identification:_identify(segway_msgs) by extensions ['ros']
[0.197s] Level 1:colcon.colcon_core.package_identification:_identify(segway_msgs) by extension 'ros'
[0.198s] DEBUG:colcon.colcon_core.package_identification:Package 'segway_msgs' with type 'ros.ament_cmake' and name 'segway_msgs'
[0.198s] Level 1:colcon.colcon_core.package_identification:_identify(segwayrmp) by extensions ['ignore', 'ignore_ament_install']
[0.198s] Level 1:colcon.colcon_core.package_identification:_identify(segwayrmp) by extension 'ignore'
[0.198s] Level 1:colcon.colcon_core.package_identification:_identify(segwayrmp) by extension 'ignore_ament_install'
[0.198s] Level 1:colcon.colcon_core.package_identification:_identify(segwayrmp) by extensions ['colcon_pkg']
[0.198s] Level 1:colcon.colcon_core.package_identification:_identify(segwayrmp) by extension 'colcon_pkg'
[0.198s] Level 1:colcon.colcon_core.package_identification:_identify(segwayrmp) by extensions ['colcon_meta']
[0.198s] Level 1:colcon.colcon_core.package_identification:_identify(segwayrmp) by extension 'colcon_meta'
[0.198s] Level 1:colcon.colcon_core.package_identification:_identify(segwayrmp) by extensions ['ros']
[0.198s] Level 1:colcon.colcon_core.package_identification:_identify(segwayrmp) by extension 'ros'
[0.199s] DEBUG:colcon.colcon_core.package_identification:Package 'segwayrmp' with type 'ros.catkin' and name 'segwayrmp'
[0.199s] Level 1:colcon.colcon_core.package_discovery:discover_packages(recursive) using defaults
[0.199s] Level 1:colcon.colcon_core.package_discovery:discover_packages(ignore) discover
[0.199s] Level 1:colcon.colcon_core.package_discovery:discover_packages(ignore) using defaults
[0.199s] Level 1:colcon.colcon_core.package_discovery:discover_packages(path) discover
[0.199s] Level 1:colcon.colcon_core.package_discovery:discover_packages(path) using defaults
[0.212s] Level 1:colcon.colcon_core.package_discovery:discover_packages(prefix_path) check parameters
[0.212s] Level 1:colcon.colcon_core.package_discovery:discover_packages(prefix_path) discover
[0.214s] DEBUG:colcon.colcon_installed_package_information.package_discovery:Found 272 installed packages in /opt/ros/humble
[0.215s] Level 1:colcon.colcon_core.package_discovery:discover_packages(prefix_path) using defaults
[0.246s] Level 5:colcon.colcon_core.verb:set package 'segway_msgs' build argument 'cmake_args' from command line to 'None'
[0.246s] Level 5:colcon.colcon_core.verb:set package 'segway_msgs' build argument 'cmake_target' from command line to 'None'
[0.246s] Level 5:colcon.colcon_core.verb:set package 'segway_msgs' build argument 'cmake_target_skip_unavailable' from command line to 'False'
[0.246s] Level 5:colcon.colcon_core.verb:set package 'segway_msgs' build argument 'cmake_clean_cache' from command line to 'False'
[0.246s] Level 5:colcon.colcon_core.verb:set package 'segway_msgs' build argument 'cmake_clean_first' from command line to 'False'
[0.246s] Level 5:colcon.colcon_core.verb:set package 'segway_msgs' build argument 'cmake_force_configure' from command line to 'False'
[0.246s] Level 5:colcon.colcon_core.verb:set package 'segway_msgs' build argument 'ament_cmake_args' from command line to 'None'
[0.246s] Level 5:colcon.colcon_core.verb:set package 'segway_msgs' build argument 'catkin_cmake_args' from command line to 'None'
[0.246s] Level 5:colcon.colcon_core.verb:set package 'segway_msgs' build argument 'catkin_skip_building_tests' from command line to 'False'
[0.246s] DEBUG:colcon.colcon_core.verb:Building package 'segway_msgs' with the following arguments: {'ament_cmake_args': None, 'build_base': '/home/parallels/ros2_ws/src/segway_ros2/build/segway_msgs', 'catkin_cmake_args': None, 'catkin_skip_building_tests': False, 'cmake_args': None, 'cmake_clean_cache': False, 'cmake_clean_first': False, 'cmake_force_configure': False, 'cmake_target': None, 'cmake_target_skip_unavailable': False, 'install_base': '/home/parallels/ros2_ws/src/segway_ros2/install/segway_msgs', 'merge_install': False, 'path': '/home/parallels/ros2_ws/src/segway_ros2/segway_msgs', 'symlink_install': False, 'test_result_base': None}
[0.246s] Level 5:colcon.colcon_core.verb:set package 'segwayrmp' build argument 'cmake_args' from command line to 'None'
[0.246s] Level 5:colcon.colcon_core.verb:set package 'segwayrmp' build argument 'cmake_target' from command line to 'None'
[0.246s] Level 5:colcon.colcon_core.verb:set package 'segwayrmp' build argument 'cmake_target_skip_unavailable' from command line to 'False'
[0.246s] Level 5:colcon.colcon_core.verb:set package 'segwayrmp' build argument 'cmake_clean_cache' from command line to 'False'
[0.246s] Level 5:colcon.colcon_core.verb:set package 'segwayrmp' build argument 'cmake_clean_first' from command line to 'False'
[0.246s] Level 5:colcon.colcon_core.verb:set package 'segwayrmp' build argument 'cmake_force_configure' from command line to 'False'
[0.246s] Level 5:colcon.colcon_core.verb:set package 'segwayrmp' build argument 'ament_cmake_args' from command line to 'None'
[0.246s] Level 5:colcon.colcon_core.verb:set package 'segwayrmp' build argument 'catkin_cmake_args' from command line to 'None'
[0.246s] Level 5:colcon.colcon_core.verb:set package 'segwayrmp' build argument 'catkin_skip_building_tests' from command line to 'False'
[0.246s] DEBUG:colcon.colcon_core.verb:Building package 'segwayrmp' with the following arguments: {'ament_cmake_args': None, 'build_base': '/home/parallels/ros2_ws/src/segway_ros2/build/segwayrmp', 'catkin_cmake_args': None, 'catkin_skip_building_tests': False, 'cmake_args': None, 'cmake_clean_cache': False, 'cmake_clean_first': False, 'cmake_force_configure': False, 'cmake_target': None, 'cmake_target_skip_unavailable': False, 'install_base': '/home/parallels/ros2_ws/src/segway_ros2/install/segwayrmp', 'merge_install': False, 'path': '/home/parallels/ros2_ws/src/segway_ros2/segwayrmp', 'symlink_install': False, 'test_result_base': None}
[0.247s] INFO:colcon.colcon_core.executor:Executing jobs using 'parallel' executor
[0.248s] DEBUG:colcon.colcon_parallel_executor.executor.parallel:run_until_complete
[0.248s] INFO:colcon.colcon_ros.task.ament_cmake.build:Building ROS package in '/home/parallels/ros2_ws/src/segway_ros2/segway_msgs' with build type 'ament_cmake'
[0.248s] INFO:colcon.colcon_cmake.task.cmake.build:Building CMake package in '/home/parallels/ros2_ws/src/segway_ros2/segway_msgs'
[0.250s] INFO:colcon.colcon_core.plugin_system:Skipping extension 'colcon_core.shell.bat': Not used on non-Windows systems
[0.250s] INFO:colcon.colcon_core.shell:Skip shell extension 'powershell' for command environment: Not usable outside of PowerShell
[0.250s] DEBUG:colcon.colcon_core.shell:Skip shell extension 'dsv' for command environment
[0.256s] DEBUG:colcon.colcon_core.event_handler.log_command:Invoking command in '/home/parallels/ros2_ws/src/segway_ros2/build/segway_msgs': CMAKE_PREFIX_PATH=/opt/ros/humble /usr/bin/cmake /home/parallels/ros2_ws/src/segway_ros2/segway_msgs -DCMAKE_INSTALL_PREFIX=/home/parallels/ros2_ws/src/segway_ros2/install/segway_msgs
[1.824s] DEBUG:colcon.colcon_core.event_handler.log_command:Invoked command in '/home/parallels/ros2_ws/src/segway_ros2/build/segway_msgs' returned '0': CMAKE_PREFIX_PATH=/opt/ros/humble /usr/bin/cmake /home/parallels/ros2_ws/src/segway_ros2/segway_msgs -DCMAKE_INSTALL_PREFIX=/home/parallels/ros2_ws/src/segway_ros2/install/segway_msgs
[1.824s] DEBUG:colcon.colcon_core.event_handler.log_command:Invoking command in '/home/parallels/ros2_ws/src/segway_ros2/build/segway_msgs': CMAKE_PREFIX_PATH=/opt/ros/humble /usr/bin/cmake --build /home/parallels/ros2_ws/src/segway_ros2/build/segway_msgs -- -j4 -l4
[19.207s] DEBUG:colcon.colcon_core.event_handler.log_command:Invoked command in '/home/parallels/ros2_ws/src/segway_ros2/build/segway_msgs' returned '0': CMAKE_PREFIX_PATH=/opt/ros/humble /usr/bin/cmake --build /home/parallels/ros2_ws/src/segway_ros2/build/segway_msgs -- -j4 -l4
[19.646s] DEBUG:colcon.colcon_core.event_handler.log_command:Invoking command in '/home/parallels/ros2_ws/src/segway_ros2/build/segway_msgs': CMAKE_PREFIX_PATH=/opt/ros/humble /usr/bin/cmake --install /home/parallels/ros2_ws/src/segway_ros2/build/segway_msgs
[19.746s] Level 1:colcon.colcon_core.environment:create_environment_scripts_only(segway_msgs)
[19.746s] DEBUG:colcon.colcon_core.event_handler.log_command:Invoked command in '/home/parallels/ros2_ws/src/segway_ros2/build/segway_msgs' returned '0': CMAKE_PREFIX_PATH=/opt/ros/humble /usr/bin/cmake --install /home/parallels/ros2_ws/src/segway_ros2/build/segway_msgs
[19.750s] Level 1:colcon.colcon_core.environment:checking '/home/parallels/ros2_ws/src/segway_ros2/install/segway_msgs' for CMake module files
[19.750s] Level 1:colcon.colcon_core.environment:checking '/home/parallels/ros2_ws/src/segway_ros2/install/segway_msgs' for CMake config files
[19.751s] Level 1:colcon.colcon_core.shell:create_environment_hook('segway_msgs', 'cmake_prefix_path')
[19.751s] INFO:colcon.colcon_core.shell:Creating environment hook '/home/parallels/ros2_ws/src/segway_ros2/install/segway_msgs/share/segway_msgs/hook/cmake_prefix_path.ps1'
[19.752s] INFO:colcon.colcon_core.shell:Creating environment descriptor '/home/parallels/ros2_ws/src/segway_ros2/install/segway_msgs/share/segway_msgs/hook/cmake_prefix_path.dsv'
[19.752s] INFO:colcon.colcon_core.shell:Creating environment hook '/home/parallels/ros2_ws/src/segway_ros2/install/segway_msgs/share/segway_msgs/hook/cmake_prefix_path.sh'
[19.752s] Level 1:colcon.colcon_core.environment:checking '/home/parallels/ros2_ws/src/segway_ros2/install/segway_msgs/lib'
[19.752s] Level 1:colcon.colcon_core.shell:create_environment_hook('segway_msgs', 'ld_library_path_lib')
[19.753s] INFO:colcon.colcon_core.shell:Creating environment hook '/home/parallels/ros2_ws/src/segway_ros2/install/segway_msgs/share/segway_msgs/hook/ld_library_path_lib.ps1'
[19.753s] INFO:colcon.colcon_core.shell:Creating environment descriptor '/home/parallels/ros2_ws/src/segway_ros2/install/segway_msgs/share/segway_msgs/hook/ld_library_path_lib.dsv'
[19.753s] INFO:colcon.colcon_core.shell:Creating environment hook '/home/parallels/ros2_ws/src/segway_ros2/install/segway_msgs/share/segway_msgs/hook/ld_library_path_lib.sh'
[19.753s] Level 1:colcon.colcon_core.environment:checking '/home/parallels/ros2_ws/src/segway_ros2/install/segway_msgs/bin'
[19.753s] Level 1:colcon.colcon_core.environment:checking '/home/parallels/ros2_ws/src/segway_ros2/install/segway_msgs/lib/pkgconfig/segway_msgs.pc'
[19.754s] Level 1:colcon.colcon_core.environment:checking '/home/parallels/ros2_ws/src/segway_ros2/install/segway_msgs/lib/python3.10/site-packages'
[19.754s] Level 1:colcon.colcon_core.environment:checking '/home/parallels/ros2_ws/src/segway_ros2/install/segway_msgs/bin'
[19.754s] INFO:colcon.colcon_core.shell:Creating package script '/home/parallels/ros2_ws/src/segway_ros2/install/segway_msgs/share/segway_msgs/package.ps1'
[19.755s] INFO:colcon.colcon_core.shell:Creating package descriptor '/home/parallels/ros2_ws/src/segway_ros2/install/segway_msgs/share/segway_msgs/package.dsv'
[19.755s] INFO:colcon.colcon_core.shell:Creating package script '/home/parallels/ros2_ws/src/segway_ros2/install/segway_msgs/share/segway_msgs/package.sh'
[19.755s] INFO:colcon.colcon_core.shell:Creating package script '/home/parallels/ros2_ws/src/segway_ros2/install/segway_msgs/share/segway_msgs/package.bash'
[19.756s] INFO:colcon.colcon_core.shell:Creating package script '/home/parallels/ros2_ws/src/segway_ros2/install/segway_msgs/share/segway_msgs/package.zsh'
[19.756s] Level 1:colcon.colcon_core.environment:create_file_with_runtime_dependencies(/home/parallels/ros2_ws/src/segway_ros2/install/segway_msgs/share/colcon-core/packages/segway_msgs)
[20.188s] Level 1:colcon.colcon_core.environment:create_environment_scripts_only(segway_msgs)
[20.189s] Level 1:colcon.colcon_core.environment:checking '/home/parallels/ros2_ws/src/segway_ros2/install/segway_msgs' for CMake module files
[20.189s] Level 1:colcon.colcon_core.environment:checking '/home/parallels/ros2_ws/src/segway_ros2/install/segway_msgs' for CMake config files
[20.189s] Level 1:colcon.colcon_core.shell:create_environment_hook('segway_msgs', 'cmake_prefix_path')
[20.190s] INFO:colcon.colcon_core.shell:Creating environment hook '/home/parallels/ros2_ws/src/segway_ros2/install/segway_msgs/share/segway_msgs/hook/cmake_prefix_path.ps1'
[20.190s] INFO:colcon.colcon_core.shell:Creating environment descriptor '/home/parallels/ros2_ws/src/segway_ros2/install/segway_msgs/share/segway_msgs/hook/cmake_prefix_path.dsv'
[20.190s] INFO:colcon.colcon_core.shell:Creating environment hook '/home/parallels/ros2_ws/src/segway_ros2/install/segway_msgs/share/segway_msgs/hook/cmake_prefix_path.sh'
[20.190s] Level 1:colcon.colcon_core.environment:checking '/home/parallels/ros2_ws/src/segway_ros2/install/segway_msgs/lib'
[20.190s] Level 1:colcon.colcon_core.shell:create_environment_hook('segway_msgs', 'ld_library_path_lib')
[20.191s] INFO:colcon.colcon_core.shell:Creating environment hook '/home/parallels/ros2_ws/src/segway_ros2/install/segway_msgs/share/segway_msgs/hook/ld_library_path_lib.ps1'
[20.191s] INFO:colcon.colcon_core.shell:Creating environment descriptor '/home/parallels/ros2_ws/src/segway_ros2/install/segway_msgs/share/segway_msgs/hook/ld_library_path_lib.dsv'
[20.191s] INFO:colcon.colcon_core.shell:Creating environment hook '/home/parallels/ros2_ws/src/segway_ros2/install/segway_msgs/share/segway_msgs/hook/ld_library_path_lib.sh'
[20.191s] Level 1:colcon.colcon_core.environment:checking '/home/parallels/ros2_ws/src/segway_ros2/install/segway_msgs/bin'
[20.192s] Level 1:colcon.colcon_core.environment:checking '/home/parallels/ros2_ws/src/segway_ros2/install/segway_msgs/lib/pkgconfig/segway_msgs.pc'
[20.192s] Level 1:colcon.colcon_core.environment:checking '/home/parallels/ros2_ws/src/segway_ros2/install/segway_msgs/lib/python3.10/site-packages'
[20.192s] Level 1:colcon.colcon_core.environment:checking '/home/parallels/ros2_ws/src/segway_ros2/install/segway_msgs/bin'
[20.192s] INFO:colcon.colcon_core.shell:Creating package script '/home/parallels/ros2_ws/src/segway_ros2/install/segway_msgs/share/segway_msgs/package.ps1'
[20.193s] INFO:colcon.colcon_core.shell:Creating package descriptor '/home/parallels/ros2_ws/src/segway_ros2/install/segway_msgs/share/segway_msgs/package.dsv'
[20.193s] INFO:colcon.colcon_core.shell:Creating package script '/home/parallels/ros2_ws/src/segway_ros2/install/segway_msgs/share/segway_msgs/package.sh'
[20.193s] INFO:colcon.colcon_core.shell:Creating package script '/home/parallels/ros2_ws/src/segway_ros2/install/segway_msgs/share/segway_msgs/package.bash'
[20.193s] INFO:colcon.colcon_core.shell:Creating package script '/home/parallels/ros2_ws/src/segway_ros2/install/segway_msgs/share/segway_msgs/package.zsh'
[20.193s] Level 1:colcon.colcon_core.environment:create_file_with_runtime_dependencies(/home/parallels/ros2_ws/src/segway_ros2/install/segway_msgs/share/colcon-core/packages/segway_msgs)
[20.194s] INFO:colcon.colcon_ros.task.catkin.build:Building ROS package in '/home/parallels/ros2_ws/src/segway_ros2/segwayrmp' with build type 'catkin'
[20.194s] INFO:colcon.colcon_cmake.task.cmake.build:Building CMake package in '/home/parallels/ros2_ws/src/segway_ros2/segwayrmp'
[20.194s] INFO:colcon.colcon_core.shell:Skip shell extension 'powershell' for command environment: Not usable outside of PowerShell
[20.194s] DEBUG:colcon.colcon_core.shell:Skip shell extension 'dsv' for command environment
[20.200s] DEBUG:colcon.colcon_core.event_handler.log_command:Invoking command in '/home/parallels/ros2_ws/src/segway_ros2/build/segwayrmp': AMENT_PREFIX_PATH=/home/parallels/ros2_ws/src/segway_ros2/install/segway_msgs:${AMENT_PREFIX_PATH} CMAKE_PREFIX_PATH=/home/parallels/ros2_ws/src/segway_ros2/install/segway_msgs LD_LIBRARY_PATH=/home/parallels/ros2_ws/src/segway_ros2/install/segway_msgs/lib:${LD_LIBRARY_PATH} PYTHONPATH=/home/parallels/ros2_ws/src/segway_ros2/install/segway_msgs/local/lib/python3.10/dist-packages:${PYTHONPATH} /usr/bin/cmake /home/parallels/ros2_ws/src/segway_ros2/segwayrmp -DCATKIN_INSTALL_INTO_PREFIX_ROOT=0 -DCMAKE_INSTALL_PREFIX=/home/parallels/ros2_ws/src/segway_ros2/install/segwayrmp
[21.831s] DEBUG:colcon.colcon_core.event_handler.log_command:Invoked command in '/home/parallels/ros2_ws/src/segway_ros2/build/segwayrmp' returned '0': AMENT_PREFIX_PATH=/home/parallels/ros2_ws/src/segway_ros2/install/segway_msgs:${AMENT_PREFIX_PATH} CMAKE_PREFIX_PATH=/home/parallels/ros2_ws/src/segway_ros2/install/segway_msgs LD_LIBRARY_PATH=/home/parallels/ros2_ws/src/segway_ros2/install/segway_msgs/lib:${LD_LIBRARY_PATH} PYTHONPATH=/home/parallels/ros2_ws/src/segway_ros2/install/segway_msgs/local/lib/python3.10/dist-packages:${PYTHONPATH} /usr/bin/cmake /home/parallels/ros2_ws/src/segway_ros2/segwayrmp -DCATKIN_INSTALL_INTO_PREFIX_ROOT=0 -DCMAKE_INSTALL_PREFIX=/home/parallels/ros2_ws/src/segway_ros2/install/segwayrmp
[21.832s] DEBUG:colcon.colcon_core.event_handler.log_command:Invoking command in '/home/parallels/ros2_ws/src/segway_ros2/build/segwayrmp': AMENT_PREFIX_PATH=/home/parallels/ros2_ws/src/segway_ros2/install/segway_msgs:${AMENT_PREFIX_PATH} CMAKE_PREFIX_PATH=/home/parallels/ros2_ws/src/segway_ros2/install/segway_msgs LD_LIBRARY_PATH=/home/parallels/ros2_ws/src/segway_ros2/install/segway_msgs/lib:${LD_LIBRARY_PATH} PYTHONPATH=/home/parallels/ros2_ws/src/segway_ros2/install/segway_msgs/local/lib/python3.10/dist-packages:${PYTHONPATH} /usr/bin/cmake --build /home/parallels/ros2_ws/src/segway_ros2/build/segwayrmp -- -j4 -l4
[24.872s] DEBUG:colcon.colcon_core.event_handler.log_command:Invoked command in '/home/parallels/ros2_ws/src/segway_ros2/build/segwayrmp' returned '2': AMENT_PREFIX_PATH=/home/parallels/ros2_ws/src/segway_ros2/install/segway_msgs:${AMENT_PREFIX_PATH} CMAKE_PREFIX_PATH=/home/parallels/ros2_ws/src/segway_ros2/install/segway_msgs LD_LIBRARY_PATH=/home/parallels/ros2_ws/src/segway_ros2/install/segway_msgs/lib:${LD_LIBRARY_PATH} PYTHONPATH=/home/parallels/ros2_ws/src/segway_ros2/install/segway_msgs/local/lib/python3.10/dist-packages:${PYTHONPATH} /usr/bin/cmake --build /home/parallels/ros2_ws/src/segway_ros2/build/segwayrmp -- -j4 -l4
[24.897s] Level 1:colcon.colcon_core.shell:create_environment_hook('segwayrmp', 'ros_package_path')
[24.898s] INFO:colcon.colcon_core.shell:Creating environment hook '/home/parallels/ros2_ws/src/segway_ros2/install/segwayrmp/share/segwayrmp/hook/ros_package_path.ps1'
[24.899s] INFO:colcon.colcon_core.shell:Creating environment descriptor '/home/parallels/ros2_ws/src/segway_ros2/install/segwayrmp/share/segwayrmp/hook/ros_package_path.dsv'
[24.899s] INFO:colcon.colcon_core.shell:Creating environment hook '/home/parallels/ros2_ws/src/segway_ros2/install/segwayrmp/share/segwayrmp/hook/ros_package_path.sh'
[24.900s] Level 1:colcon.colcon_core.shell:create_environment_hook('segwayrmp', 'pkg_config_path')
[24.900s] INFO:colcon.colcon_core.shell:Creating environment hook '/home/parallels/ros2_ws/src/segway_ros2/install/segwayrmp/share/segwayrmp/hook/pkg_config_path.ps1'
[24.900s] INFO:colcon.colcon_core.shell:Creating environment descriptor '/home/parallels/ros2_ws/src/segway_ros2/install/segwayrmp/share/segwayrmp/hook/pkg_config_path.dsv'
[24.901s] INFO:colcon.colcon_core.shell:Creating environment hook '/home/parallels/ros2_ws/src/segway_ros2/install/segwayrmp/share/segwayrmp/hook/pkg_config_path.sh'
[24.902s] Level 1:colcon.colcon_core.shell:create_environment_hook('segwayrmp', 'pkg_config_path_multiarch')
[24.903s] INFO:colcon.colcon_core.shell:Creating environment hook '/home/parallels/ros2_ws/src/segway_ros2/install/segwayrmp/share/segwayrmp/hook/pkg_config_path_multiarch.ps1'
[24.903s] INFO:colcon.colcon_core.shell:Creating environment descriptor '/home/parallels/ros2_ws/src/segway_ros2/install/segwayrmp/share/segwayrmp/hook/pkg_config_path_multiarch.dsv'
[24.903s] INFO:colcon.colcon_core.shell:Creating environment hook '/home/parallels/ros2_ws/src/segway_ros2/install/segwayrmp/share/segwayrmp/hook/pkg_config_path_multiarch.sh'
[24.905s] Level 1:colcon.colcon_core.environment:create_environment_scripts_only(segwayrmp)
[24.906s] Level 1:colcon.colcon_core.environment:checking '/home/parallels/ros2_ws/src/segway_ros2/install/segwayrmp' for CMake module files
[24.906s] Level 1:colcon.colcon_core.environment:checking '/home/parallels/ros2_ws/src/segway_ros2/install/segwayrmp' for CMake config files
[24.906s] Level 1:colcon.colcon_core.environment:checking '/home/parallels/ros2_ws/src/segway_ros2/install/segwayrmp/bin'
[24.906s] Level 1:colcon.colcon_core.environment:checking '/home/parallels/ros2_ws/src/segway_ros2/install/segwayrmp/lib/pkgconfig/segwayrmp.pc'
[24.906s] Level 1:colcon.colcon_core.environment:checking '/home/parallels/ros2_ws/src/segway_ros2/install/segwayrmp/lib/python3.10/site-packages'
[24.906s] Level 1:colcon.colcon_core.environment:checking '/home/parallels/ros2_ws/src/segway_ros2/install/segwayrmp/bin'
[24.907s] INFO:colcon.colcon_core.shell:Creating package script '/home/parallels/ros2_ws/src/segway_ros2/install/segwayrmp/share/segwayrmp/package.ps1'
[24.907s] INFO:colcon.colcon_core.shell:Creating package descriptor '/home/parallels/ros2_ws/src/segway_ros2/install/segwayrmp/share/segwayrmp/package.dsv'
[24.908s] INFO:colcon.colcon_core.shell:Creating package script '/home/parallels/ros2_ws/src/segway_ros2/install/segwayrmp/share/segwayrmp/package.sh'
[24.908s] INFO:colcon.colcon_core.shell:Creating package script '/home/parallels/ros2_ws/src/segway_ros2/install/segwayrmp/share/segwayrmp/package.bash'
[24.908s] INFO:colcon.colcon_core.shell:Creating package script '/home/parallels/ros2_ws/src/segway_ros2/install/segwayrmp/share/segwayrmp/package.zsh'
[24.908s] Level 1:colcon.colcon_core.environment:create_file_with_runtime_dependencies(/home/parallels/ros2_ws/src/segway_ros2/install/segwayrmp/share/colcon-core/packages/segwayrmp)
[24.909s] DEBUG:colcon.colcon_parallel_executor.executor.parallel:closing loop
[24.909s] DEBUG:colcon.colcon_parallel_executor.executor.parallel:loop closed
[24.909s] DEBUG:colcon.colcon_parallel_executor.executor.parallel:run_until_complete finished with '2'
[24.909s] DEBUG:colcon.colcon_core.event_reactor:joining thread
[24.915s] INFO:colcon.colcon_core.plugin_system:Skipping extension 'colcon_notification.desktop_notification.terminal_notifier': Not used on non-Darwin systems
[24.915s] INFO:colcon.colcon_core.plugin_system:Skipping extension 'colcon_notification.desktop_notification.win32': Not used on non-Windows systems
[24.915s] INFO:colcon.colcon_notification.desktop_notification:Sending desktop notification using 'notify2'
[24.935s] DEBUG:colcon.colcon_core.event_reactor:joined thread
[24.936s] INFO:colcon.colcon_core.shell:Creating prefix script '/home/parallels/ros2_ws/src/segway_ros2/install/local_setup.ps1'
[24.936s] INFO:colcon.colcon_core.shell:Creating prefix util module '/home/parallels/ros2_ws/src/segway_ros2/install/_local_setup_util_ps1.py'
[24.937s] INFO:colcon.colcon_core.shell:Creating prefix chain script '/home/parallels/ros2_ws/src/segway_ros2/install/setup.ps1'
[24.938s] INFO:colcon.colcon_core.shell:Creating prefix script '/home/parallels/ros2_ws/src/segway_ros2/install/local_setup.sh'
[24.938s] INFO:colcon.colcon_core.shell:Creating prefix util module '/home/parallels/ros2_ws/src/segway_ros2/install/_local_setup_util_sh.py'
[24.939s] INFO:colcon.colcon_core.shell:Creating prefix chain script '/home/parallels/ros2_ws/src/segway_ros2/install/setup.sh'
[24.939s] INFO:colcon.colcon_core.shell:Creating prefix script '/home/parallels/ros2_ws/src/segway_ros2/install/local_setup.bash'
[24.939s] INFO:colcon.colcon_core.shell:Creating prefix chain script '/home/parallels/ros2_ws/src/segway_ros2/install/setup.bash'
[24.940s] INFO:colcon.colcon_core.shell:Creating prefix script '/home/parallels/ros2_ws/src/segway_ros2/install/local_setup.zsh'
[24.940s] INFO:colcon.colcon_core.shell:Creating prefix chain script '/home/parallels/ros2_ws/src/segway_ros2/install/setup.zsh'
